<?xml version="1.0" encoding="UTF-8"?>
<!-- Generated by org.testng.reporters.JUnitReportReporter -->
<testsuite hostname="LAPTOP-N34GTUSU" failures="0" tests="1" name="com.vTiger.testScripts.CreateOrganizationTest" time="20.654" errors="0" timestamp="08 Jun 2020 10:43:47 GMT" skipped="0">
  <testcase classname="com.vTiger.testScripts.CreateOrganizationTest" name="createOrgTest" time="20.654"/>
</testsuite> <!-- com.vTiger.testScripts.CreateOrganizationTest -->
