<?xml version="1.0" encoding="UTF-8"?>
<!-- Generated by org.testng.reporters.JUnitReportReporter -->
<testsuite hostname="LAPTOP-N34GTUSU" failures="0" tests="2" name="com.vTiger.testScripts.CreateOpportunitiesTest" time="39.972" errors="0" timestamp="09 Jun 2020 15:15:35 GMT" skipped="0">
  <testcase classname="com.vTiger.testScripts.CreateOpportunitiesTest" name="createOpportuninyTest" time="19.479"/>
  <testcase classname="com.vTiger.testScripts.CreateOpportunitiesTest" name="createOpportuninyTest" time="20.493"/>
</testsuite> <!-- com.vTiger.testScripts.CreateOpportunitiesTest -->
