<?xml version="1.0" encoding="UTF-8"?>
<!-- Generated by org.testng.reporters.JUnitReportReporter -->
<testsuite hostname="LAPTOP-N34GTUSU" failures="0" tests="1" name="com.vTiger.testScripts.CreateContactsTest" time="19.525" errors="0" timestamp="09 Jun 2020 16:29:47 GMT" skipped="0">
  <testcase classname="com.vTiger.testScripts.CreateContactsTest" name="createContTest" time="19.525"/>
</testsuite> <!-- com.vTiger.testScripts.CreateContactsTest -->
