<?xml version="1.0" encoding="UTF-8"?>
<!-- Generated by org.testng.reporters.JUnitReportReporter -->
<testsuite hostname="LAPTOP-N34GTUSU" failures="0" tests="1" name="com.vTiger.testScripts.CreateInvoiceTest" time="29.429" errors="0" timestamp="09 Jun 2020 15:15:35 GMT" skipped="0">
  <testcase classname="com.vTiger.testScripts.CreateInvoiceTest" name="createInvoiceTest" time="29.429"/>
</testsuite> <!-- com.vTiger.testScripts.CreateInvoiceTest -->
