<?xml version="1.0" encoding="UTF-8"?>
<!-- Generated by org.testng.reporters.JUnitReportReporter -->
<testsuite hostname="LAPTOP-N34GTUSU" failures="0" tests="3" name="com.vTiger.testScripts.CreateVendorTest" time="62.668" errors="0" timestamp="09 Jun 2020 15:15:35 GMT" skipped="0">
  <testcase classname="com.vTiger.testScripts.CreateVendorTest" name="cretaeVendrTest" time="19.204"/>
  <testcase classname="com.vTiger.testScripts.CreateVendorTest" name="cretaeVendrTest" time="20.417"/>
  <testcase classname="com.vTiger.testScripts.CreateVendorTest" name="cretaeVendrTest" time="23.047"/>
</testsuite> <!-- com.vTiger.testScripts.CreateVendorTest -->
