<?xml version="1.0" encoding="UTF-8"?>
<!-- Generated by org.testng.reporters.JUnitReportReporter -->
<testsuite hostname="LAPTOP-N34GTUSU" failures="0" tests="3" name="com.vTiger.testScripts.CreateContactsTest" time="62.463" errors="0" timestamp="09 Jun 2020 15:15:35 GMT" skipped="0">
  <testcase classname="com.vTiger.testScripts.CreateContactsTest" name="createContTest" time="22.924"/>
  <testcase classname="com.vTiger.testScripts.CreateContactsTest" name="createContTest" time="19.766"/>
  <testcase classname="com.vTiger.testScripts.CreateContactsTest" name="createContTest" time="19.773"/>
</testsuite> <!-- com.vTiger.testScripts.CreateContactsTest -->
