<?xml version="1.0" encoding="UTF-8"?>
<!-- Generated by org.testng.reporters.JUnitReportReporter -->
<testsuite hostname="LAPTOP-N34GTUSU" failures="0" tests="1" name="com.vTiger.testScripts.CreateInvoiceTest" time="22.702" errors="0" timestamp="09 Jun 2020 17:13:12 GMT" skipped="0">
  <testcase classname="com.vTiger.testScripts.CreateInvoiceTest" name="createInvoiceTest" time="22.702"/>
</testsuite> <!-- com.vTiger.testScripts.CreateInvoiceTest -->
