<?xml version="1.0" encoding="UTF-8"?>
<!-- Generated by org.testng.reporters.JUnitReportReporter -->
<testsuite hostname="LAPTOP-N34GTUSU" failures="0" tests="2" name="com.vTiger.testScripts.CreateProductsTest" time="40.978" errors="0" timestamp="09 Jun 2020 15:15:35 GMT" skipped="0">
  <testcase classname="com.vTiger.testScripts.CreateProductsTest" name="createProductTest" time="21.885"/>
  <testcase classname="com.vTiger.testScripts.CreateProductsTest" name="createProductTest" time="19.093"/>
</testsuite> <!-- com.vTiger.testScripts.CreateProductsTest -->
