<?xml version="1.0" encoding="UTF-8"?>
<!-- Generated by org.testng.reporters.JUnitReportReporter -->
<testsuite hostname="LAPTOP-N34GTUSU" failures="0" tests="2" name="com.vTiger.testScripts.CreatePurchaseOrderTest" time="45.471" errors="0" timestamp="09 Jun 2020 17:13:12 GMT" skipped="0">
  <testcase classname="com.vTiger.testScripts.CreatePurchaseOrderTest" name="createPurchaseOrder" time="22.487"/>
  <testcase classname="com.vTiger.testScripts.CreatePurchaseOrderTest" name="createPurchaseOrder" time="22.984"/>
</testsuite> <!-- com.vTiger.testScripts.CreatePurchaseOrderTest -->
