<?xml version="1.0" encoding="UTF-8"?>
<!-- Generated by org.testng.reporters.JUnitReportReporter -->
<testsuite hostname="LAPTOP-N34GTUSU" failures="0" tests="1" name="com.vTiger.testScripts.CreateOrganizationTest" time="24.783" errors="0" timestamp="09 Jun 2020 15:15:35 GMT" skipped="0">
  <testcase classname="com.vTiger.testScripts.CreateOrganizationTest" name="createOrgTest" time="24.783"/>
</testsuite> <!-- com.vTiger.testScripts.CreateOrganizationTest -->
