<?xml version="1.0" encoding="UTF-8"?>
<!-- Generated by org.testng.reporters.JUnitReportReporter -->
<testsuite hostname="LAPTOP-N34GTUSU" failures="0" tests="1" name="com.vTiger.testScripts.CreateProductsTest" time="18.352" errors="0" timestamp="09 Jun 2020 17:13:12 GMT" skipped="0">
  <testcase classname="com.vTiger.testScripts.CreateProductsTest" name="createProductTest" time="18.352"/>
</testsuite> <!-- com.vTiger.testScripts.CreateProductsTest -->
